<?xml version="1.0" encoding="UTF-8"?>
<!-- Generated by org.testng.reporters.JUnitReportReporter -->
<testsuite hostname="DESKTOP-CN29LMF" failures="0" tests="1" name="TestRunner.TestRunner" time="1.790" errors="0" timestamp="2024-09-26T12:45:27 EDT" skipped="0">
  <testcase classname="TestRunner.TestRunner" name="runScenario" time="1.790"/>
</testsuite> <!-- TestRunner.TestRunner -->
