<?xml version="1.0" encoding="UTF-8"?>
<!-- Generated by org.testng.reporters.JUnitReportReporter -->
<testsuite hostname="Sumathi_Laptop" failures="0" tests="1" name="TestRunner.TestRunner" time="1.382" errors="0" timestamp="2024-09-26T11:31:37 MDT" skipped="0">
  <testcase classname="TestRunner.TestRunner" name="runScenario" time="1.382"/>
</testsuite> <!-- TestRunner.TestRunner -->
